<?xml version="1.0" encoding="UTF-8"?>
<!-- Generated by org.testng.reporters.JUnitReportReporter -->
<testsuite hostname="DESKTOP-R9F6DFD" failures="0" tests="1" name="com.nsw.gov.testclasses.TC002_VerifyMediaReleasePage_URL_AfterRemovingFilter" time="6.841" errors="0" timestamp="2024-08-08T18:31:31 IST" skipped="0">
  <testcase classname="com.nsw.gov.testclasses.TC002_VerifyMediaReleasePage_URL_AfterRemovingFilter" name="TS001_2_Task1" time="6.841"/>
  <system-out/>
</testsuite> <!-- com.nsw.gov.testclasses.TC002_VerifyMediaReleasePage_URL_AfterRemovingFilter -->
