<?xml version="1.0" encoding="UTF-8"?>
<!-- Generated by org.testng.reporters.JUnitReportReporter -->
<testsuite hostname="DESKTOP-R9F6DFD" failures="0" tests="1" name="com.nsw.gov.testclasses.TC002_VerifyMediaReleasePage_Url" time="19.748" errors="0" timestamp="2024-08-08T18:19:58 IST" skipped="0">
  <testcase classname="com.nsw.gov.testclasses.TC002_VerifyMediaReleasePage_Url" name="TS002_Task2" time="19.748"/>
  <system-out/>
</testsuite> <!-- com.nsw.gov.testclasses.TC002_VerifyMediaReleasePage_Url -->
