<?xml version="1.0" encoding="UTF-8"?>
<!-- Generated by org.testng.reporters.JUnitReportReporter -->
<testsuite hostname="DESKTOP-R9F6DFD" failures="0" tests="1" name="com.nsw.gov.testclasses.TC001_VerifyMediaReleasePage" time="10.861" errors="0" timestamp="2024-08-08T18:31:31 IST" skipped="0">
  <testcase classname="com.nsw.gov.testclasses.TC001_VerifyMediaReleasePage" name="TS001_Task1" time="10.861"/>
  <system-out/>
</testsuite> <!-- com.nsw.gov.testclasses.TC001_VerifyMediaReleasePage -->
